SpringJUnit4ClassRunner constructor called with [class zjian.redis.TestEvalPool].
Delegating to GenericXmlContextLoader to process context configuration [ContextConfigurationAttributes@fe464e declaringClass = 'zjian.redis.TestEvalPool', locations = '{classpath*:applicationContex*.xml}', classes = '{}', inheritLocations = true, contextLoaderClass = 'org.springframework.test.context.ContextLoader'].
Could not find an 'annotation declaring class' for annotation type [interface org.springframework.test.context.ActiveProfiles] and class [class zjian.redis.TestEvalPool]
@TestExecutionListeners is not present for class [class zjian.redis.TestEvalPool]: using defaults.
Could not instantiate default TestExecutionListener class [org.springframework.test.context.transaction.TransactionalTestExecutionListener]. Specify custom listener classes or make the default listener classes available.
Retrieved @ProfileValueSourceConfiguration [null] for test class [zjian.redis.TestEvalPool]
Retrieved ProfileValueSource type [class org.springframework.test.annotation.SystemProfileValueSource] for class [zjian.redis.TestEvalPool]
Retrieved @ProfileValueSourceConfiguration [null] for test class [zjian.redis.TestEvalPool]
Retrieved ProfileValueSource type [class org.springframework.test.annotation.SystemProfileValueSource] for class [zjian.redis.TestEvalPool]
Retrieved @ProfileValueSourceConfiguration [null] for test class [zjian.redis.TestEvalPool]
Retrieved ProfileValueSource type [class org.springframework.test.annotation.SystemProfileValueSource] for class [zjian.redis.TestEvalPool]
Performing dependency injection for test context [[TestContext@578b06 testClass = TestEvalPool, testInstance = zjian.redis.TestEvalPool@16856e3, testMethod = [null], testException = [null], mergedContextConfiguration = [MergedContextConfiguration@1208518 testClass = TestEvalPool, locations = '{classpath*:applicationContex*.xml}', classes = '{}', activeProfiles = '{}', contextLoader = 'org.springframework.test.context.support.DelegatingSmartContextLoader']]].
Delegating to GenericXmlContextLoader to load context from [MergedContextConfiguration@1208518 testClass = TestEvalPool, locations = '{classpath*:applicationContex*.xml}', classes = '{}', activeProfiles = '{}', contextLoader = 'org.springframework.test.context.support.DelegatingSmartContextLoader'].
Loading ApplicationContext for merged context configuration [[MergedContextConfiguration@1208518 testClass = TestEvalPool, locations = '{classpath*:applicationContex*.xml}', classes = '{}', activeProfiles = '{}', contextLoader = 'org.springframework.test.context.support.DelegatingSmartContextLoader']].
Initializing new StandardEnvironment
Adding [systemProperties] PropertySource with lowest search precedence
Adding [systemEnvironment] PropertySource with lowest search precedence
Initialized StandardEnvironment with PropertySources [systemProperties,systemEnvironment]
Initializing new StandardEnvironment
Adding [systemProperties] PropertySource with lowest search precedence
Adding [systemEnvironment] PropertySource with lowest search precedence
Initialized StandardEnvironment with PropertySources [systemProperties,systemEnvironment]
Looking for matching resources in directory tree [E:\workspace\zjian-redis-spring\target\test-classes]
Searching directory [E:\workspace\zjian-redis-spring\target\test-classes] for files matching pattern [E:/workspace/zjian-redis-spring/target/test-classes/applicationContex*.xml]
Looking for matching resources in directory tree [E:\workspace\zjian-redis-spring\target\classes]
Searching directory [E:\workspace\zjian-redis-spring\target\classes] for files matching pattern [E:/workspace/zjian-redis-spring/target/classes/applicationContex*.xml]
Resolved location pattern [classpath*:applicationContex*.xml] to resources [file [E:\workspace\zjian-redis-spring\target\classes\applicationContext-redis.xml]]
Loading XML bean definitions from file [E:\workspace\zjian-redis-spring\target\classes\applicationContext-redis.xml]
Using JAXP provider [com.sun.org.apache.xerces.internal.jaxp.DocumentBuilderFactoryImpl]
Loading schema mappings from [META-INF/spring.schemas]
Loaded schema mappings: {http://www.springframework.org/schema/util/spring-util.xsd=org/springframework/beans/factory/xml/spring-util-3.1.xsd, http://www.springframework.org/schema/beans/spring-beans-3.1.xsd=org/springframework/beans/factory/xml/spring-beans-3.1.xsd, http://www.springframework.org/schema/task/spring-task.xsd=org/springframework/scheduling/config/spring-task-3.1.xsd, http://www.springframework.org/schema/cache/spring-cache.xsd=org/springframework/cache/config/spring-cache-3.1.xsd, http://www.springframework.org/schema/aop/spring-aop-3.0.xsd=org/springframework/aop/config/spring-aop-3.0.xsd, http://www.springframework.org/schema/task/spring-task-3.1.xsd=org/springframework/scheduling/config/spring-task-3.1.xsd, http://www.springframework.org/schema/aop/spring-aop-2.0.xsd=org/springframework/aop/config/spring-aop-2.0.xsd, http://www.springframework.org/schema/tool/spring-tool-2.5.xsd=org/springframework/beans/factory/xml/spring-tool-2.5.xsd, http://www.springframework.org/schema/beans/spring-beans.xsd=org/springframework/beans/factory/xml/spring-beans-3.1.xsd, http://www.springframework.org/schema/jee/spring-jee-2.5.xsd=org/springframework/ejb/config/spring-jee-2.5.xsd, http://www.springframework.org/schema/tool/spring-tool-3.1.xsd=org/springframework/beans/factory/xml/spring-tool-3.1.xsd, http://www.springframework.org/schema/aop/spring-aop.xsd=org/springframework/aop/config/spring-aop-3.1.xsd, http://www.springframework.org/schema/jee/spring-jee-3.1.xsd=org/springframework/ejb/config/spring-jee-3.1.xsd, http://www.springframework.org/schema/beans/spring-beans-2.0.xsd=org/springframework/beans/factory/xml/spring-beans-2.0.xsd, http://www.springframework.org/schema/beans/spring-beans-3.0.xsd=org/springframework/beans/factory/xml/spring-beans-3.0.xsd, http://www.springframework.org/schema/task/spring-task-3.0.xsd=org/springframework/scheduling/config/spring-task-3.0.xsd, http://www.springframework.org/schema/context/spring-context-2.5.xsd=org/springframework/context/config/spring-context-2.5.xsd, http://www.springframework.org/schema/tool/spring-tool-3.0.xsd=org/springframework/beans/factory/xml/spring-tool-3.0.xsd, http://www.springframework.org/schema/tool/spring-tool-2.0.xsd=org/springframework/beans/factory/xml/spring-tool-2.0.xsd, http://www.springframework.org/schema/util/spring-util-2.5.xsd=org/springframework/beans/factory/xml/spring-util-2.5.xsd, http://www.springframework.org/schema/lang/spring-lang.xsd=org/springframework/scripting/config/spring-lang-3.1.xsd, http://www.springframework.org/schema/lang/spring-lang-2.5.xsd=org/springframework/scripting/config/spring-lang-2.5.xsd, http://www.springframework.org/schema/jee/spring-jee-3.0.xsd=org/springframework/ejb/config/spring-jee-3.0.xsd, http://www.springframework.org/schema/jee/spring-jee-2.0.xsd=org/springframework/ejb/config/spring-jee-2.0.xsd, http://www.springframework.org/schema/context/spring-context-3.1.xsd=org/springframework/context/config/spring-context-3.1.xsd, http://www.springframework.org/schema/util/spring-util-3.1.xsd=org/springframework/beans/factory/xml/spring-util-3.1.xsd, http://www.springframework.org/schema/lang/spring-lang-3.1.xsd=org/springframework/scripting/config/spring-lang-3.1.xsd, http://www.springframework.org/schema/cache/spring-cache-3.1.xsd=org/springframework/cache/config/spring-cache-3.1.xsd, http://www.springframework.org/schema/context/spring-context.xsd=org/springframework/context/config/spring-context-3.1.xsd, http://www.springframework.org/schema/jee/spring-jee.xsd=org/springframework/ejb/config/spring-jee-3.1.xsd, http://www.springframework.org/schema/aop/spring-aop-2.5.xsd=org/springframework/aop/config/spring-aop-2.5.xsd, http://www.springframework.org/schema/aop/spring-aop-3.1.xsd=org/springframework/aop/config/spring-aop-3.1.xsd, http://www.springframework.org/schema/context/spring-context-3.0.xsd=org/springframework/context/config/spring-context-3.0.xsd, http://www.springframework.org/schema/tool/spring-tool.xsd=org/springframework/beans/factory/xml/spring-tool-3.1.xsd, http://www.springframework.org/schema/util/spring-util-3.0.xsd=org/springframework/beans/factory/xml/spring-util-3.0.xsd, http://www.springframework.org/schema/lang/spring-lang-3.0.xsd=org/springframework/scripting/config/spring-lang-3.0.xsd, http://www.springframework.org/schema/util/spring-util-2.0.xsd=org/springframework/beans/factory/xml/spring-util-2.0.xsd, http://www.springframework.org/schema/lang/spring-lang-2.0.xsd=org/springframework/scripting/config/spring-lang-2.0.xsd, http://www.springframework.org/schema/beans/spring-beans-2.5.xsd=org/springframework/beans/factory/xml/spring-beans-2.5.xsd}
Found XML schema [http://www.springframework.org/schema/beans/spring-beans-2.5.xsd] in classpath: org/springframework/beans/factory/xml/spring-beans-2.5.xsd
Found XML schema [http://www.springframework.org/schema/context/spring-context-2.5.xsd] in classpath: org/springframework/context/config/spring-context-2.5.xsd
Found XML schema [http://www.springframework.org/schema/tool/spring-tool-2.5.xsd] in classpath: org/springframework/beans/factory/xml/spring-tool-2.5.xsd
Loading bean definitions
Loaded NamespaceHandler mappings: {http://www.springframework.org/schema/p=org.springframework.beans.factory.xml.SimplePropertyNamespaceHandler, http://www.springframework.org/schema/util=org.springframework.beans.factory.xml.UtilNamespaceHandler, http://www.springframework.org/schema/jee=org.springframework.ejb.config.JeeNamespaceHandler, http://www.springframework.org/schema/aop=org.springframework.aop.config.AopNamespaceHandler, http://www.springframework.org/schema/cache=org.springframework.cache.config.CacheNamespaceHandler, http://www.springframework.org/schema/c=org.springframework.beans.factory.xml.SimpleConstructorNamespaceHandler, http://www.springframework.org/schema/task=org.springframework.scheduling.config.TaskNamespaceHandler, http://www.springframework.org/schema/lang=org.springframework.scripting.config.LangNamespaceHandler, http://www.springframework.org/schema/context=org.springframework.context.config.ContextNamespaceHandler}
Looking for matching resources in directory tree [E:\workspace\zjian-redis-spring\target\test-classes\zjian\redis]
Searching directory [E:\workspace\zjian-redis-spring\target\test-classes\zjian\redis] for files matching pattern [E:/workspace/zjian-redis-spring/target/test-classes/zjian/redis/*/**/*.class]
Looking for matching resources in directory tree [E:\workspace\zjian-redis-spring\target\classes\zjian\redis]
Searching directory [E:\workspace\zjian-redis-spring\target\classes\zjian\redis] for files matching pattern [E:/workspace/zjian-redis-spring/target/classes/zjian/redis/*/**/*.class]
Searching directory [E:\workspace\zjian-redis-spring\target\classes\zjian\redis\common] for files matching pattern [E:/workspace/zjian-redis-spring/target/classes/zjian/redis/*/**/*.class]
Searching directory [E:\workspace\zjian-redis-spring\target\classes\zjian\redis\model] for files matching pattern [E:/workspace/zjian-redis-spring/target/classes/zjian/redis/*/**/*.class]
Searching directory [E:\workspace\zjian-redis-spring\target\classes\zjian\redis\service] for files matching pattern [E:/workspace/zjian-redis-spring/target/classes/zjian/redis/*/**/*.class]
Searching directory [E:\workspace\zjian-redis-spring\target\classes\zjian\redis\service\impl] for files matching pattern [E:/workspace/zjian-redis-spring/target/classes/zjian/redis/*/**/*.class]
Searching directory [E:\workspace\zjian-redis-spring\target\classes\zjian\redis\utils] for files matching pattern [E:/workspace/zjian-redis-spring/target/classes/zjian/redis/*/**/*.class]
Resolved location pattern [classpath*:zjian/redis/*/**/*.class] to resources [file [E:\workspace\zjian-redis-spring\target\classes\zjian\redis\common\Constants.class], file [E:\workspace\zjian-redis-spring\target\classes\zjian\redis\model\ZjianRedisCustomer.class], file [E:\workspace\zjian-redis-spring\target\classes\zjian\redis\model\ZjianRedisService.class], file [E:\workspace\zjian-redis-spring\target\classes\zjian\redis\service\impl\ZjianResisServiceImpl.class], file [E:\workspace\zjian-redis-spring\target\classes\zjian\redis\service\impl\ZjianResisServicePoolAllImpl.class], file [E:\workspace\zjian-redis-spring\target\classes\zjian\redis\service\impl\ZjianResisServicePoolImpl.class], file [E:\workspace\zjian-redis-spring\target\classes\zjian\redis\service\ZjianResisService.class], file [E:\workspace\zjian-redis-spring\target\classes\zjian\redis\service\ZjianSpringJedisSentinelPool.class], file [E:\workspace\zjian-redis-spring\target\classes\zjian\redis\service\ZjianSpringJedisSentinelPoolConfig.class], file [E:\workspace\zjian-redis-spring\target\classes\zjian\redis\service\ZjianSpringRedisPoolList.class], file [E:\workspace\zjian-redis-spring\target\classes\zjian\redis\service\ZjianSpringRedisPoolString.class], file [E:\workspace\zjian-redis-spring\target\classes\zjian\redis\utils\ZjianJedisSentinelPool.class], file [E:\workspace\zjian-redis-spring\target\classes\zjian\redis\utils\ZjianRedisHostAndPortUtil.class], file [E:\workspace\zjian-redis-spring\target\classes\zjian\redis\utils\ZjianRedisList.class], file [E:\workspace\zjian-redis-spring\target\classes\zjian\redis\utils\ZjianRedisLog.class], file [E:\workspace\zjian-redis-spring\target\classes\zjian\redis\utils\ZjianRedisPoolList.class], file [E:\workspace\zjian-redis-spring\target\classes\zjian\redis\utils\ZjianRedisPoolString.class], file [E:\workspace\zjian-redis-spring\target\classes\zjian\redis\utils\ZjianRedisProperties.class], file [E:\workspace\zjian-redis-spring\target\classes\zjian\redis\utils\ZjianRedisSerializeUtil.class], file [E:\workspace\zjian-redis-spring\target\classes\zjian\redis\utils\ZjianRedisString.class], file [E:\workspace\zjian-redis-spring\target\classes\zjian\redis\utils\ZjianResisDateTimeUtil.class], file [E:\workspace\zjian-redis-spring\target\classes\zjian\redis\utils\ZjianResisGenerateRandomUtils.class]]
Identified candidate component class: file [E:\workspace\zjian-redis-spring\target\classes\zjian\redis\service\ZjianSpringJedisSentinelPool.class]
Identified candidate component class: file [E:\workspace\zjian-redis-spring\target\classes\zjian\redis\service\ZjianSpringJedisSentinelPoolConfig.class]
Identified candidate component class: file [E:\workspace\zjian-redis-spring\target\classes\zjian\redis\service\ZjianSpringRedisPoolList.class]
Identified candidate component class: file [E:\workspace\zjian-redis-spring\target\classes\zjian\redis\service\ZjianSpringRedisPoolString.class]
Overriding bean definition for bean 'bZjianSpringJedisSentinelPoolConfig': replacing [Generic bean: class [zjian.redis.service.ZjianSpringJedisSentinelPoolConfig]; scope=singleton; abstract=false; lazyInit=false; autowireMode=0; dependencyCheck=0; autowireCandidate=true; primary=false; factoryBeanName=null; factoryMethodName=null; initMethodName=null; destroyMethodName=null; defined in file [E:\workspace\zjian-redis-spring\target\classes\zjian\redis\service\ZjianSpringJedisSentinelPoolConfig.class]] with [Generic bean: class [zjian.redis.service.ZjianSpringJedisSentinelPoolConfig]; scope=; abstract=false; lazyInit=false; autowireMode=0; dependencyCheck=0; autowireCandidate=true; primary=false; factoryBeanName=null; factoryMethodName=null; initMethodName=null; destroyMethodName=null; defined in file [E:\workspace\zjian-redis-spring\target\classes\applicationContext-redis.xml]]
Loaded 13 bean definitions from location pattern [classpath*:applicationContex*.xml]
Refreshing org.springframework.context.support.GenericApplicationContext@a93a16: startup date [Thu Aug 07 13:53:38 CST 2014]; root of context hierarchy
Bean factory for org.springframework.context.support.GenericApplicationContext@a93a16: org.springframework.beans.factory.support.DefaultListableBeanFactory@c01ae4: defining beans [org.springframework.context.annotation.internalConfigurationAnnotationProcessor,org.springframework.context.annotation.internalAutowiredAnnotationProcessor,org.springframework.context.annotation.internalRequiredAnnotationProcessor,org.springframework.context.annotation.internalCommonAnnotationProcessor,bZjianSpringJedisSentinelPool,bZjianSpringJedisSentinelPoolConfig,bZjianSpringRedisPoolList,bZjianSpringRedisPoolString,redisHostAndPort,clusterHostAndPort,sentinelHostAndPort1,sentinelHostAndPort2,jedisPoolConfig]; root of factory hierarchy
Creating shared instance of singleton bean 'org.springframework.context.annotation.internalConfigurationAnnotationProcessor'
Creating instance of bean 'org.springframework.context.annotation.internalConfigurationAnnotationProcessor'
Eagerly caching bean 'org.springframework.context.annotation.internalConfigurationAnnotationProcessor' to allow for resolving potential circular references
Finished creating instance of bean 'org.springframework.context.annotation.internalConfigurationAnnotationProcessor'
Creating shared instance of singleton bean 'org.springframework.context.annotation.internalAutowiredAnnotationProcessor'
Creating instance of bean 'org.springframework.context.annotation.internalAutowiredAnnotationProcessor'
Eagerly caching bean 'org.springframework.context.annotation.internalAutowiredAnnotationProcessor' to allow for resolving potential circular references
Finished creating instance of bean 'org.springframework.context.annotation.internalAutowiredAnnotationProcessor'
Creating shared instance of singleton bean 'org.springframework.context.annotation.internalRequiredAnnotationProcessor'
Creating instance of bean 'org.springframework.context.annotation.internalRequiredAnnotationProcessor'
Eagerly caching bean 'org.springframework.context.annotation.internalRequiredAnnotationProcessor' to allow for resolving potential circular references
Finished creating instance of bean 'org.springframework.context.annotation.internalRequiredAnnotationProcessor'
Creating shared instance of singleton bean 'org.springframework.context.annotation.internalCommonAnnotationProcessor'
Creating instance of bean 'org.springframework.context.annotation.internalCommonAnnotationProcessor'
Eagerly caching bean 'org.springframework.context.annotation.internalCommonAnnotationProcessor' to allow for resolving potential circular references
Finished creating instance of bean 'org.springframework.context.annotation.internalCommonAnnotationProcessor'
Creating shared instance of singleton bean 'org.springframework.context.annotation.ConfigurationClassPostProcessor$ImportAwareBeanPostProcessor#0'
Creating instance of bean 'org.springframework.context.annotation.ConfigurationClassPostProcessor$ImportAwareBeanPostProcessor#0'
Eagerly caching bean 'org.springframework.context.annotation.ConfigurationClassPostProcessor$ImportAwareBeanPostProcessor#0' to allow for resolving potential circular references
Finished creating instance of bean 'org.springframework.context.annotation.ConfigurationClassPostProcessor$ImportAwareBeanPostProcessor#0'
Unable to locate MessageSource with name 'messageSource': using default [org.springframework.context.support.DelegatingMessageSource@c5711e]
Unable to locate ApplicationEventMulticaster with name 'applicationEventMulticaster': using default [org.springframework.context.event.SimpleApplicationEventMulticaster@1ae2c64]
Pre-instantiating singletons in org.springframework.beans.factory.support.DefaultListableBeanFactory@c01ae4: defining beans [org.springframework.context.annotation.internalConfigurationAnnotationProcessor,org.springframework.context.annotation.internalAutowiredAnnotationProcessor,org.springframework.context.annotation.internalRequiredAnnotationProcessor,org.springframework.context.annotation.internalCommonAnnotationProcessor,bZjianSpringJedisSentinelPool,bZjianSpringJedisSentinelPoolConfig,bZjianSpringRedisPoolList,bZjianSpringRedisPoolString,redisHostAndPort,clusterHostAndPort,sentinelHostAndPort1,sentinelHostAndPort2,jedisPoolConfig,org.springframework.context.annotation.ConfigurationClassPostProcessor$ImportAwareBeanPostProcessor#0]; root of factory hierarchy
Returning cached instance of singleton bean 'org.springframework.context.annotation.internalConfigurationAnnotationProcessor'
Returning cached instance of singleton bean 'org.springframework.context.annotation.internalAutowiredAnnotationProcessor'
Returning cached instance of singleton bean 'org.springframework.context.annotation.internalRequiredAnnotationProcessor'
Returning cached instance of singleton bean 'org.springframework.context.annotation.internalCommonAnnotationProcessor'
Creating shared instance of singleton bean 'bZjianSpringJedisSentinelPool'
Creating instance of bean 'bZjianSpringJedisSentinelPool'
Found init method on class [zjian.redis.service.ZjianSpringJedisSentinelPool]: public void zjian.redis.service.ZjianSpringJedisSentinelPool.init()
Found init method on class [zjian.redis.service.ZjianSpringJedisSentinelPool]: org.springframework.beans.factory.annotation.InitDestroyAnnotationBeanPostProcessor$LifecycleElement@316510
Found injected element on class [zjian.redis.service.ZjianSpringJedisSentinelPool]: AutowiredFieldElement for private zjian.redis.service.ZjianSpringJedisSentinelPoolConfig zjian.redis.service.ZjianSpringJedisSentinelPool.bZjianSpringJedisSentinelPoolConfig
Eagerly caching bean 'bZjianSpringJedisSentinelPool' to allow for resolving potential circular references
Processing injected method of bean 'bZjianSpringJedisSentinelPool': AutowiredFieldElement for private zjian.redis.service.ZjianSpringJedisSentinelPoolConfig zjian.redis.service.ZjianSpringJedisSentinelPool.bZjianSpringJedisSentinelPoolConfig
Creating shared instance of singleton bean 'bZjianSpringJedisSentinelPoolConfig'
Creating instance of bean 'bZjianSpringJedisSentinelPoolConfig'
Creating shared instance of singleton bean 'redisHostAndPort'
Creating instance of bean 'redisHostAndPort'
Initializing new StandardEnvironment
Adding [systemProperties] PropertySource with lowest search precedence
Adding [systemEnvironment] PropertySource with lowest search precedence
Initialized StandardEnvironment with PropertySources [systemProperties,systemEnvironment]
Initializing new StandardEnvironment
Adding [systemProperties] PropertySource with lowest search precedence
Adding [systemEnvironment] PropertySource with lowest search precedence
Initialized StandardEnvironment with PropertySources [systemProperties,systemEnvironment]
Initializing new StandardEnvironment
Adding [systemProperties] PropertySource with lowest search precedence
Adding [systemEnvironment] PropertySource with lowest search precedence
Initialized StandardEnvironment with PropertySources [systemProperties,systemEnvironment]
Initializing new StandardEnvironment
Adding [systemProperties] PropertySource with lowest search precedence
Adding [systemEnvironment] PropertySource with lowest search precedence
Initialized StandardEnvironment with PropertySources [systemProperties,systemEnvironment]
Initializing new StandardEnvironment
Adding [systemProperties] PropertySource with lowest search precedence
Adding [systemEnvironment] PropertySource with lowest search precedence
Initialized StandardEnvironment with PropertySources [systemProperties,systemEnvironment]
Eagerly caching bean 'redisHostAndPort' to allow for resolving potential circular references
Finished creating instance of bean 'redisHostAndPort'
Creating shared instance of singleton bean 'clusterHostAndPort'
Creating instance of bean 'clusterHostAndPort'
Initializing new StandardEnvironment
Adding [systemProperties] PropertySource with lowest search precedence
Adding [systemEnvironment] PropertySource with lowest search precedence
Initialized StandardEnvironment with PropertySources [systemProperties,systemEnvironment]
Initializing new StandardEnvironment
Adding [systemProperties] PropertySource with lowest search precedence
Adding [systemEnvironment] PropertySource with lowest search precedence
Initialized StandardEnvironment with PropertySources [systemProperties,systemEnvironment]
Initializing new StandardEnvironment
Adding [systemProperties] PropertySource with lowest search precedence
Adding [systemEnvironment] PropertySource with lowest search precedence
Initialized StandardEnvironment with PropertySources [systemProperties,systemEnvironment]
Initializing new StandardEnvironment
Adding [systemProperties] PropertySource with lowest search precedence
Adding [systemEnvironment] PropertySource with lowest search precedence
Initialized StandardEnvironment with PropertySources [systemProperties,systemEnvironment]
Initializing new StandardEnvironment
Adding [systemProperties] PropertySource with lowest search precedence
Adding [systemEnvironment] PropertySource with lowest search precedence
Initialized StandardEnvironment with PropertySources [systemProperties,systemEnvironment]
Eagerly caching bean 'clusterHostAndPort' to allow for resolving potential circular references
Finished creating instance of bean 'clusterHostAndPort'
Creating shared instance of singleton bean 'sentinelHostAndPort1'
Creating instance of bean 'sentinelHostAndPort1'
Initializing new StandardEnvironment
Adding [systemProperties] PropertySource with lowest search precedence
Adding [systemEnvironment] PropertySource with lowest search precedence
Initialized StandardEnvironment with PropertySources [systemProperties,systemEnvironment]
Initializing new StandardEnvironment
Adding [systemProperties] PropertySource with lowest search precedence
Adding [systemEnvironment] PropertySource with lowest search precedence
Initialized StandardEnvironment with PropertySources [systemProperties,systemEnvironment]
Initializing new StandardEnvironment
Adding [systemProperties] PropertySource with lowest search precedence
Adding [systemEnvironment] PropertySource with lowest search precedence
Initialized StandardEnvironment with PropertySources [systemProperties,systemEnvironment]
Initializing new StandardEnvironment
Adding [systemProperties] PropertySource with lowest search precedence
Adding [systemEnvironment] PropertySource with lowest search precedence
Initialized StandardEnvironment with PropertySources [systemProperties,systemEnvironment]
Initializing new StandardEnvironment
Adding [systemProperties] PropertySource with lowest search precedence
Adding [systemEnvironment] PropertySource with lowest search precedence
Initialized StandardEnvironment with PropertySources [systemProperties,systemEnvironment]
Eagerly caching bean 'sentinelHostAndPort1' to allow for resolving potential circular references
Finished creating instance of bean 'sentinelHostAndPort1'
Creating shared instance of singleton bean 'sentinelHostAndPort2'
Creating instance of bean 'sentinelHostAndPort2'
Initializing new StandardEnvironment
Adding [systemProperties] PropertySource with lowest search precedence
Adding [systemEnvironment] PropertySource with lowest search precedence
Initialized StandardEnvironment with PropertySources [systemProperties,systemEnvironment]
Initializing new StandardEnvironment
Adding [systemProperties] PropertySource with lowest search precedence
Adding [systemEnvironment] PropertySource with lowest search precedence
Initialized StandardEnvironment with PropertySources [systemProperties,systemEnvironment]
Initializing new StandardEnvironment
Adding [systemProperties] PropertySource with lowest search precedence
Adding [systemEnvironment] PropertySource with lowest search precedence
Initialized StandardEnvironment with PropertySources [systemProperties,systemEnvironment]
Initializing new StandardEnvironment
Adding [systemProperties] PropertySource with lowest search precedence
Adding [systemEnvironment] PropertySource with lowest search precedence
Initialized StandardEnvironment with PropertySources [systemProperties,systemEnvironment]
Initializing new StandardEnvironment
Adding [systemProperties] PropertySource with lowest search precedence
Adding [systemEnvironment] PropertySource with lowest search precedence
Initialized StandardEnvironment with PropertySources [systemProperties,systemEnvironment]
Eagerly caching bean 'sentinelHostAndPort2' to allow for resolving potential circular references
Finished creating instance of bean 'sentinelHostAndPort2'
Creating shared instance of singleton bean 'jedisPoolConfig'
Creating instance of bean 'jedisPoolConfig'
Eagerly caching bean 'jedisPoolConfig' to allow for resolving potential circular references
Initializing new StandardEnvironment
Adding [systemProperties] PropertySource with lowest search precedence
Adding [systemEnvironment] PropertySource with lowest search precedence
Initialized StandardEnvironment with PropertySources [systemProperties,systemEnvironment]
Initializing new StandardEnvironment
Adding [systemProperties] PropertySource with lowest search precedence
Adding [systemEnvironment] PropertySource with lowest search precedence
Initialized StandardEnvironment with PropertySources [systemProperties,systemEnvironment]
Initializing new StandardEnvironment
Adding [systemProperties] PropertySource with lowest search precedence
Adding [systemEnvironment] PropertySource with lowest search precedence
Initialized StandardEnvironment with PropertySources [systemProperties,systemEnvironment]
Initializing new StandardEnvironment
Adding [systemProperties] PropertySource with lowest search precedence
Adding [systemEnvironment] PropertySource with lowest search precedence
Initialized StandardEnvironment with PropertySources [systemProperties,systemEnvironment]
Initializing new StandardEnvironment
Adding [systemProperties] PropertySource with lowest search precedence
Adding [systemEnvironment] PropertySource with lowest search precedence
Initialized StandardEnvironment with PropertySources [systemProperties,systemEnvironment]
Finished creating instance of bean 'jedisPoolConfig'
Eagerly caching bean 'bZjianSpringJedisSentinelPoolConfig' to allow for resolving potential circular references
Finished creating instance of bean 'bZjianSpringJedisSentinelPoolConfig'
Autowiring by type from bean name 'bZjianSpringJedisSentinelPool' to bean named 'bZjianSpringJedisSentinelPoolConfig'
Invoking init method on bean 'bZjianSpringJedisSentinelPool': public void zjian.redis.service.ZjianSpringJedisSentinelPool.init()
Finished creating instance of bean 'bZjianSpringJedisSentinelPool'
Returning cached instance of singleton bean 'bZjianSpringJedisSentinelPoolConfig'
Creating shared instance of singleton bean 'bZjianSpringRedisPoolList'
Creating instance of bean 'bZjianSpringRedisPoolList'
Found injected element on class [zjian.redis.service.ZjianSpringRedisPoolList]: AutowiredFieldElement for private zjian.redis.service.ZjianSpringJedisSentinelPoolConfig zjian.redis.service.ZjianSpringRedisPoolList.bZjianSpringJedisSentinelPoolConfig
Found injected element on class [zjian.redis.service.ZjianSpringRedisPoolList]: AutowiredFieldElement for private zjian.redis.service.ZjianSpringJedisSentinelPool zjian.redis.service.ZjianSpringRedisPoolList.bZjianSpringJedisSentinelPool
Eagerly caching bean 'bZjianSpringRedisPoolList' to allow for resolving potential circular references
Processing injected method of bean 'bZjianSpringRedisPoolList': AutowiredFieldElement for private zjian.redis.service.ZjianSpringJedisSentinelPoolConfig zjian.redis.service.ZjianSpringRedisPoolList.bZjianSpringJedisSentinelPoolConfig
Returning cached instance of singleton bean 'bZjianSpringJedisSentinelPoolConfig'
Autowiring by type from bean name 'bZjianSpringRedisPoolList' to bean named 'bZjianSpringJedisSentinelPoolConfig'
Processing injected method of bean 'bZjianSpringRedisPoolList': AutowiredFieldElement for private zjian.redis.service.ZjianSpringJedisSentinelPool zjian.redis.service.ZjianSpringRedisPoolList.bZjianSpringJedisSentinelPool
Returning cached instance of singleton bean 'bZjianSpringJedisSentinelPool'
Autowiring by type from bean name 'bZjianSpringRedisPoolList' to bean named 'bZjianSpringJedisSentinelPool'
Finished creating instance of bean 'bZjianSpringRedisPoolList'
Creating shared instance of singleton bean 'bZjianSpringRedisPoolString'
Creating instance of bean 'bZjianSpringRedisPoolString'
Found injected element on class [zjian.redis.service.ZjianSpringRedisPoolString]: AutowiredFieldElement for private zjian.redis.service.ZjianSpringJedisSentinelPoolConfig zjian.redis.service.ZjianSpringRedisPoolString.bZjianSpringJedisSentinelPoolConfig
Found injected element on class [zjian.redis.service.ZjianSpringRedisPoolString]: AutowiredFieldElement for private zjian.redis.service.ZjianSpringJedisSentinelPool zjian.redis.service.ZjianSpringRedisPoolString.bZjianSpringJedisSentinelPool
Eagerly caching bean 'bZjianSpringRedisPoolString' to allow for resolving potential circular references
Processing injected method of bean 'bZjianSpringRedisPoolString': AutowiredFieldElement for private zjian.redis.service.ZjianSpringJedisSentinelPoolConfig zjian.redis.service.ZjianSpringRedisPoolString.bZjianSpringJedisSentinelPoolConfig
Returning cached instance of singleton bean 'bZjianSpringJedisSentinelPoolConfig'
Autowiring by type from bean name 'bZjianSpringRedisPoolString' to bean named 'bZjianSpringJedisSentinelPoolConfig'
Processing injected method of bean 'bZjianSpringRedisPoolString': AutowiredFieldElement for private zjian.redis.service.ZjianSpringJedisSentinelPool zjian.redis.service.ZjianSpringRedisPoolString.bZjianSpringJedisSentinelPool
Returning cached instance of singleton bean 'bZjianSpringJedisSentinelPool'
Autowiring by type from bean name 'bZjianSpringRedisPoolString' to bean named 'bZjianSpringJedisSentinelPool'
Finished creating instance of bean 'bZjianSpringRedisPoolString'
Returning cached instance of singleton bean 'redisHostAndPort'
Returning cached instance of singleton bean 'clusterHostAndPort'
Returning cached instance of singleton bean 'sentinelHostAndPort1'
Returning cached instance of singleton bean 'sentinelHostAndPort2'
Returning cached instance of singleton bean 'jedisPoolConfig'
Returning cached instance of singleton bean 'org.springframework.context.annotation.ConfigurationClassPostProcessor$ImportAwareBeanPostProcessor#0'
Unable to locate LifecycleProcessor with name 'lifecycleProcessor': using default [org.springframework.context.support.DefaultLifecycleProcessor@1947a96]
Returning cached instance of singleton bean 'lifecycleProcessor'
Storing ApplicationContext for test class [class zjian.redis.TestEvalPool] in cache under key [[MergedContextConfiguration@1208518 testClass = TestEvalPool, locations = '{classpath*:applicationContex*.xml}', classes = '{}', activeProfiles = '{}', contextLoader = 'org.springframework.test.context.support.DelegatingSmartContextLoader']].
Found injected element on class [zjian.redis.TestEvalPool]: AutowiredFieldElement for private zjian.redis.service.ZjianSpringJedisSentinelPoolConfig zjian.redis.TestEvalPool.bZjianSpringJedisSentinelPoolConfig
Found injected element on class [zjian.redis.TestEvalPool]: AutowiredFieldElement for private zjian.redis.service.ZjianSpringJedisSentinelPool zjian.redis.TestEvalPool.bZjianSpringJedisSentinelPool
Processing injected method of bean 'zjian.redis.TestEvalPool': AutowiredFieldElement for private zjian.redis.service.ZjianSpringJedisSentinelPoolConfig zjian.redis.TestEvalPool.bZjianSpringJedisSentinelPoolConfig
Returning cached instance of singleton bean 'bZjianSpringJedisSentinelPoolConfig'
Autowiring by type from bean name 'zjian.redis.TestEvalPool' to bean named 'bZjianSpringJedisSentinelPoolConfig'
Processing injected method of bean 'zjian.redis.TestEvalPool': AutowiredFieldElement for private zjian.redis.service.ZjianSpringJedisSentinelPool zjian.redis.TestEvalPool.bZjianSpringJedisSentinelPool
Returning cached instance of singleton bean 'bZjianSpringJedisSentinelPool'
Autowiring by type from bean name 'zjian.redis.TestEvalPool' to bean named 'bZjianSpringJedisSentinelPool'
SpringJUnit4ClassRunner constructor called with [class zjian.redis.TestEvalPool].
Delegating to GenericXmlContextLoader to process context configuration [ContextConfigurationAttributes@a9dcc2 declaringClass = 'zjian.redis.TestEvalPool', locations = '{classpath*:applicationContex*.xml}', classes = '{}', inheritLocations = true, contextLoaderClass = 'org.springframework.test.context.ContextLoader'].
Could not find an 'annotation declaring class' for annotation type [interface org.springframework.test.context.ActiveProfiles] and class [class zjian.redis.TestEvalPool]
@TestExecutionListeners is not present for class [class zjian.redis.TestEvalPool]: using defaults.
Could not instantiate default TestExecutionListener class [org.springframework.test.context.transaction.TransactionalTestExecutionListener]. Specify custom listener classes or make the default listener classes available.
Retrieved @ProfileValueSourceConfiguration [null] for test class [zjian.redis.TestEvalPool]
Retrieved ProfileValueSource type [class org.springframework.test.annotation.SystemProfileValueSource] for class [zjian.redis.TestEvalPool]
Retrieved @ProfileValueSourceConfiguration [null] for test class [zjian.redis.TestEvalPool]
Retrieved ProfileValueSource type [class org.springframework.test.annotation.SystemProfileValueSource] for class [zjian.redis.TestEvalPool]
Retrieved @ProfileValueSourceConfiguration [null] for test class [zjian.redis.TestEvalPool]
Retrieved ProfileValueSource type [class org.springframework.test.annotation.SystemProfileValueSource] for class [zjian.redis.TestEvalPool]
Performing dependency injection for test context [[TestContext@3b4f79 testClass = TestEvalPool, testInstance = zjian.redis.TestEvalPool@1decc8c, testMethod = [null], testException = [null], mergedContextConfiguration = [MergedContextConfiguration@472d86 testClass = TestEvalPool, locations = '{classpath*:applicationContex*.xml}', classes = '{}', activeProfiles = '{}', contextLoader = 'org.springframework.test.context.support.DelegatingSmartContextLoader']]].
Delegating to GenericXmlContextLoader to load context from [MergedContextConfiguration@472d86 testClass = TestEvalPool, locations = '{classpath*:applicationContex*.xml}', classes = '{}', activeProfiles = '{}', contextLoader = 'org.springframework.test.context.support.DelegatingSmartContextLoader'].
Loading ApplicationContext for merged context configuration [[MergedContextConfiguration@472d86 testClass = TestEvalPool, locations = '{classpath*:applicationContex*.xml}', classes = '{}', activeProfiles = '{}', contextLoader = 'org.springframework.test.context.support.DelegatingSmartContextLoader']].
Initializing new StandardEnvironment
Adding [systemProperties] PropertySource with lowest search precedence
Adding [systemEnvironment] PropertySource with lowest search precedence
Initialized StandardEnvironment with PropertySources [systemProperties,systemEnvironment]
Initializing new StandardEnvironment
Adding [systemProperties] PropertySource with lowest search precedence
Adding [systemEnvironment] PropertySource with lowest search precedence
Initialized StandardEnvironment with PropertySources [systemProperties,systemEnvironment]
Looking for matching resources in directory tree [E:\workspace\zjian-redis-spring\target\test-classes]
Searching directory [E:\workspace\zjian-redis-spring\target\test-classes] for files matching pattern [E:/workspace/zjian-redis-spring/target/test-classes/applicationContex*.xml]
Looking for matching resources in directory tree [E:\workspace\zjian-redis-spring\target\classes]
Searching directory [E:\workspace\zjian-redis-spring\target\classes] for files matching pattern [E:/workspace/zjian-redis-spring/target/classes/applicationContex*.xml]
Resolved location pattern [classpath*:applicationContex*.xml] to resources [file [E:\workspace\zjian-redis-spring\target\classes\applicationContext-redis.xml]]
Loading XML bean definitions from file [E:\workspace\zjian-redis-spring\target\classes\applicationContext-redis.xml]
Using JAXP provider [com.sun.org.apache.xerces.internal.jaxp.DocumentBuilderFactoryImpl]
Loading schema mappings from [META-INF/spring.schemas]
Loaded schema mappings: {http://www.springframework.org/schema/util/spring-util.xsd=org/springframework/beans/factory/xml/spring-util-3.1.xsd, http://www.springframework.org/schema/beans/spring-beans-3.1.xsd=org/springframework/beans/factory/xml/spring-beans-3.1.xsd, http://www.springframework.org/schema/task/spring-task.xsd=org/springframework/scheduling/config/spring-task-3.1.xsd, http://www.springframework.org/schema/cache/spring-cache.xsd=org/springframework/cache/config/spring-cache-3.1.xsd, http://www.springframework.org/schema/aop/spring-aop-3.0.xsd=org/springframework/aop/config/spring-aop-3.0.xsd, http://www.springframework.org/schema/task/spring-task-3.1.xsd=org/springframework/scheduling/config/spring-task-3.1.xsd, http://www.springframework.org/schema/aop/spring-aop-2.0.xsd=org/springframework/aop/config/spring-aop-2.0.xsd, http://www.springframework.org/schema/tool/spring-tool-2.5.xsd=org/springframework/beans/factory/xml/spring-tool-2.5.xsd, http://www.springframework.org/schema/beans/spring-beans.xsd=org/springframework/beans/factory/xml/spring-beans-3.1.xsd, http://www.springframework.org/schema/jee/spring-jee-2.5.xsd=org/springframework/ejb/config/spring-jee-2.5.xsd, http://www.springframework.org/schema/tool/spring-tool-3.1.xsd=org/springframework/beans/factory/xml/spring-tool-3.1.xsd, http://www.springframework.org/schema/aop/spring-aop.xsd=org/springframework/aop/config/spring-aop-3.1.xsd, http://www.springframework.org/schema/jee/spring-jee-3.1.xsd=org/springframework/ejb/config/spring-jee-3.1.xsd, http://www.springframework.org/schema/beans/spring-beans-2.0.xsd=org/springframework/beans/factory/xml/spring-beans-2.0.xsd, http://www.springframework.org/schema/beans/spring-beans-3.0.xsd=org/springframework/beans/factory/xml/spring-beans-3.0.xsd, http://www.springframework.org/schema/task/spring-task-3.0.xsd=org/springframework/scheduling/config/spring-task-3.0.xsd, http://www.springframework.org/schema/context/spring-context-2.5.xsd=org/springframework/context/config/spring-context-2.5.xsd, http://www.springframework.org/schema/tool/spring-tool-3.0.xsd=org/springframework/beans/factory/xml/spring-tool-3.0.xsd, http://www.springframework.org/schema/tool/spring-tool-2.0.xsd=org/springframework/beans/factory/xml/spring-tool-2.0.xsd, http://www.springframework.org/schema/util/spring-util-2.5.xsd=org/springframework/beans/factory/xml/spring-util-2.5.xsd, http://www.springframework.org/schema/lang/spring-lang.xsd=org/springframework/scripting/config/spring-lang-3.1.xsd, http://www.springframework.org/schema/lang/spring-lang-2.5.xsd=org/springframework/scripting/config/spring-lang-2.5.xsd, http://www.springframework.org/schema/jee/spring-jee-3.0.xsd=org/springframework/ejb/config/spring-jee-3.0.xsd, http://www.springframework.org/schema/jee/spring-jee-2.0.xsd=org/springframework/ejb/config/spring-jee-2.0.xsd, http://www.springframework.org/schema/context/spring-context-3.1.xsd=org/springframework/context/config/spring-context-3.1.xsd, http://www.springframework.org/schema/util/spring-util-3.1.xsd=org/springframework/beans/factory/xml/spring-util-3.1.xsd, http://www.springframework.org/schema/lang/spring-lang-3.1.xsd=org/springframework/scripting/config/spring-lang-3.1.xsd, http://www.springframework.org/schema/cache/spring-cache-3.1.xsd=org/springframework/cache/config/spring-cache-3.1.xsd, http://www.springframework.org/schema/context/spring-context.xsd=org/springframework/context/config/spring-context-3.1.xsd, http://www.springframework.org/schema/jee/spring-jee.xsd=org/springframework/ejb/config/spring-jee-3.1.xsd, http://www.springframework.org/schema/aop/spring-aop-2.5.xsd=org/springframework/aop/config/spring-aop-2.5.xsd, http://www.springframework.org/schema/aop/spring-aop-3.1.xsd=org/springframework/aop/config/spring-aop-3.1.xsd, http://www.springframework.org/schema/context/spring-context-3.0.xsd=org/springframework/context/config/spring-context-3.0.xsd, http://www.springframework.org/schema/tool/spring-tool.xsd=org/springframework/beans/factory/xml/spring-tool-3.1.xsd, http://www.springframework.org/schema/util/spring-util-3.0.xsd=org/springframework/beans/factory/xml/spring-util-3.0.xsd, http://www.springframework.org/schema/lang/spring-lang-3.0.xsd=org/springframework/scripting/config/spring-lang-3.0.xsd, http://www.springframework.org/schema/util/spring-util-2.0.xsd=org/springframework/beans/factory/xml/spring-util-2.0.xsd, http://www.springframework.org/schema/lang/spring-lang-2.0.xsd=org/springframework/scripting/config/spring-lang-2.0.xsd, http://www.springframework.org/schema/beans/spring-beans-2.5.xsd=org/springframework/beans/factory/xml/spring-beans-2.5.xsd}
Found XML schema [http://www.springframework.org/schema/beans/spring-beans-2.5.xsd] in classpath: org/springframework/beans/factory/xml/spring-beans-2.5.xsd
Found XML schema [http://www.springframework.org/schema/context/spring-context-2.5.xsd] in classpath: org/springframework/context/config/spring-context-2.5.xsd
Found XML schema [http://www.springframework.org/schema/tool/spring-tool-2.5.xsd] in classpath: org/springframework/beans/factory/xml/spring-tool-2.5.xsd
Loading bean definitions
Loaded NamespaceHandler mappings: {http://www.springframework.org/schema/p=org.springframework.beans.factory.xml.SimplePropertyNamespaceHandler, http://www.springframework.org/schema/util=org.springframework.beans.factory.xml.UtilNamespaceHandler, http://www.springframework.org/schema/jee=org.springframework.ejb.config.JeeNamespaceHandler, http://www.springframework.org/schema/aop=org.springframework.aop.config.AopNamespaceHandler, http://www.springframework.org/schema/cache=org.springframework.cache.config.CacheNamespaceHandler, http://www.springframework.org/schema/c=org.springframework.beans.factory.xml.SimpleConstructorNamespaceHandler, http://www.springframework.org/schema/task=org.springframework.scheduling.config.TaskNamespaceHandler, http://www.springframework.org/schema/lang=org.springframework.scripting.config.LangNamespaceHandler, http://www.springframework.org/schema/context=org.springframework.context.config.ContextNamespaceHandler}
Looking for matching resources in directory tree [E:\workspace\zjian-redis-spring\target\test-classes\zjian\redis]
Searching directory [E:\workspace\zjian-redis-spring\target\test-classes\zjian\redis] for files matching pattern [E:/workspace/zjian-redis-spring/target/test-classes/zjian/redis/*/**/*.class]
Looking for matching resources in directory tree [E:\workspace\zjian-redis-spring\target\classes\zjian\redis]
Searching directory [E:\workspace\zjian-redis-spring\target\classes\zjian\redis] for files matching pattern [E:/workspace/zjian-redis-spring/target/classes/zjian/redis/*/**/*.class]
Searching directory [E:\workspace\zjian-redis-spring\target\classes\zjian\redis\common] for files matching pattern [E:/workspace/zjian-redis-spring/target/classes/zjian/redis/*/**/*.class]
Searching directory [E:\workspace\zjian-redis-spring\target\classes\zjian\redis\model] for files matching pattern [E:/workspace/zjian-redis-spring/target/classes/zjian/redis/*/**/*.class]
Searching directory [E:\workspace\zjian-redis-spring\target\classes\zjian\redis\service] for files matching pattern [E:/workspace/zjian-redis-spring/target/classes/zjian/redis/*/**/*.class]
Searching directory [E:\workspace\zjian-redis-spring\target\classes\zjian\redis\service\impl] for files matching pattern [E:/workspace/zjian-redis-spring/target/classes/zjian/redis/*/**/*.class]
Searching directory [E:\workspace\zjian-redis-spring\target\classes\zjian\redis\utils] for files matching pattern [E:/workspace/zjian-redis-spring/target/classes/zjian/redis/*/**/*.class]
Resolved location pattern [classpath*:zjian/redis/*/**/*.class] to resources [file [E:\workspace\zjian-redis-spring\target\classes\zjian\redis\common\Constants.class], file [E:\workspace\zjian-redis-spring\target\classes\zjian\redis\model\ZjianRedisCustomer.class], file [E:\workspace\zjian-redis-spring\target\classes\zjian\redis\model\ZjianRedisService.class], file [E:\workspace\zjian-redis-spring\target\classes\zjian\redis\service\impl\ZjianResisServiceImpl.class], file [E:\workspace\zjian-redis-spring\target\classes\zjian\redis\service\impl\ZjianResisServicePoolAllImpl.class], file [E:\workspace\zjian-redis-spring\target\classes\zjian\redis\service\impl\ZjianResisServicePoolImpl.class], file [E:\workspace\zjian-redis-spring\target\classes\zjian\redis\service\ZjianResisService.class], file [E:\workspace\zjian-redis-spring\target\classes\zjian\redis\service\ZjianSpringJedisSentinelPool.class], file [E:\workspace\zjian-redis-spring\target\classes\zjian\redis\service\ZjianSpringJedisSentinelPoolConfig.class], file [E:\workspace\zjian-redis-spring\target\classes\zjian\redis\service\ZjianSpringRedisPoolList.class], file [E:\workspace\zjian-redis-spring\target\classes\zjian\redis\service\ZjianSpringRedisPoolString.class], file [E:\workspace\zjian-redis-spring\target\classes\zjian\redis\utils\ZjianJedisSentinelPool.class], file [E:\workspace\zjian-redis-spring\target\classes\zjian\redis\utils\ZjianRedisHostAndPortUtil.class], file [E:\workspace\zjian-redis-spring\target\classes\zjian\redis\utils\ZjianRedisList.class], file [E:\workspace\zjian-redis-spring\target\classes\zjian\redis\utils\ZjianRedisLog.class], file [E:\workspace\zjian-redis-spring\target\classes\zjian\redis\utils\ZjianRedisPoolList.class], file [E:\workspace\zjian-redis-spring\target\classes\zjian\redis\utils\ZjianRedisPoolString.class], file [E:\workspace\zjian-redis-spring\target\classes\zjian\redis\utils\ZjianRedisProperties.class], file [E:\workspace\zjian-redis-spring\target\classes\zjian\redis\utils\ZjianRedisSerializeUtil.class], file [E:\workspace\zjian-redis-spring\target\classes\zjian\redis\utils\ZjianRedisString.class], file [E:\workspace\zjian-redis-spring\target\classes\zjian\redis\utils\ZjianResisDateTimeUtil.class], file [E:\workspace\zjian-redis-spring\target\classes\zjian\redis\utils\ZjianResisGenerateRandomUtils.class]]
Identified candidate component class: file [E:\workspace\zjian-redis-spring\target\classes\zjian\redis\service\ZjianSpringJedisSentinelPool.class]
Identified candidate component class: file [E:\workspace\zjian-redis-spring\target\classes\zjian\redis\service\ZjianSpringJedisSentinelPoolConfig.class]
Identified candidate component class: file [E:\workspace\zjian-redis-spring\target\classes\zjian\redis\service\ZjianSpringRedisPoolList.class]
Identified candidate component class: file [E:\workspace\zjian-redis-spring\target\classes\zjian\redis\service\ZjianSpringRedisPoolString.class]
Overriding bean definition for bean 'bZjianSpringJedisSentinelPoolConfig': replacing [Generic bean: class [zjian.redis.service.ZjianSpringJedisSentinelPoolConfig]; scope=singleton; abstract=false; lazyInit=false; autowireMode=0; dependencyCheck=0; autowireCandidate=true; primary=false; factoryBeanName=null; factoryMethodName=null; initMethodName=null; destroyMethodName=null; defined in file [E:\workspace\zjian-redis-spring\target\classes\zjian\redis\service\ZjianSpringJedisSentinelPoolConfig.class]] with [Generic bean: class [zjian.redis.service.ZjianSpringJedisSentinelPoolConfig]; scope=; abstract=false; lazyInit=false; autowireMode=0; dependencyCheck=0; autowireCandidate=true; primary=false; factoryBeanName=null; factoryMethodName=null; initMethodName=null; destroyMethodName=null; defined in file [E:\workspace\zjian-redis-spring\target\classes\applicationContext-redis.xml]]
Loaded 13 bean definitions from location pattern [classpath*:applicationContex*.xml]
Refreshing org.springframework.context.support.GenericApplicationContext@14a8227: startup date [Thu Aug 07 14:59:59 CST 2014]; root of context hierarchy
Bean factory for org.springframework.context.support.GenericApplicationContext@14a8227: org.springframework.beans.factory.support.DefaultListableBeanFactory@13e6657: defining beans [org.springframework.context.annotation.internalConfigurationAnnotationProcessor,org.springframework.context.annotation.internalAutowiredAnnotationProcessor,org.springframework.context.annotation.internalRequiredAnnotationProcessor,org.springframework.context.annotation.internalCommonAnnotationProcessor,bZjianSpringJedisSentinelPool,bZjianSpringJedisSentinelPoolConfig,bZjianSpringRedisPoolList,bZjianSpringRedisPoolString,redisHostAndPort,clusterHostAndPort,sentinelHostAndPort1,sentinelHostAndPort2,jedisPoolConfig]; root of factory hierarchy
Creating shared instance of singleton bean 'org.springframework.context.annotation.internalConfigurationAnnotationProcessor'
Creating instance of bean 'org.springframework.context.annotation.internalConfigurationAnnotationProcessor'
Eagerly caching bean 'org.springframework.context.annotation.internalConfigurationAnnotationProcessor' to allow for resolving potential circular references
Finished creating instance of bean 'org.springframework.context.annotation.internalConfigurationAnnotationProcessor'
Creating shared instance of singleton bean 'org.springframework.context.annotation.internalAutowiredAnnotationProcessor'
Creating instance of bean 'org.springframework.context.annotation.internalAutowiredAnnotationProcessor'
Eagerly caching bean 'org.springframework.context.annotation.internalAutowiredAnnotationProcessor' to allow for resolving potential circular references
Finished creating instance of bean 'org.springframework.context.annotation.internalAutowiredAnnotationProcessor'
Creating shared instance of singleton bean 'org.springframework.context.annotation.internalRequiredAnnotationProcessor'
Creating instance of bean 'org.springframework.context.annotation.internalRequiredAnnotationProcessor'
Eagerly caching bean 'org.springframework.context.annotation.internalRequiredAnnotationProcessor' to allow for resolving potential circular references
Finished creating instance of bean 'org.springframework.context.annotation.internalRequiredAnnotationProcessor'
Creating shared instance of singleton bean 'org.springframework.context.annotation.internalCommonAnnotationProcessor'
Creating instance of bean 'org.springframework.context.annotation.internalCommonAnnotationProcessor'
Eagerly caching bean 'org.springframework.context.annotation.internalCommonAnnotationProcessor' to allow for resolving potential circular references
Finished creating instance of bean 'org.springframework.context.annotation.internalCommonAnnotationProcessor'
Creating shared instance of singleton bean 'org.springframework.context.annotation.ConfigurationClassPostProcessor$ImportAwareBeanPostProcessor#0'
Creating instance of bean 'org.springframework.context.annotation.ConfigurationClassPostProcessor$ImportAwareBeanPostProcessor#0'
Eagerly caching bean 'org.springframework.context.annotation.ConfigurationClassPostProcessor$ImportAwareBeanPostProcessor#0' to allow for resolving potential circular references
Finished creating instance of bean 'org.springframework.context.annotation.ConfigurationClassPostProcessor$ImportAwareBeanPostProcessor#0'
Unable to locate MessageSource with name 'messageSource': using default [org.springframework.context.support.DelegatingMessageSource@a1d557]
Unable to locate ApplicationEventMulticaster with name 'applicationEventMulticaster': using default [org.springframework.context.event.SimpleApplicationEventMulticaster@1420a24]
Pre-instantiating singletons in org.springframework.beans.factory.support.DefaultListableBeanFactory@13e6657: defining beans [org.springframework.context.annotation.internalConfigurationAnnotationProcessor,org.springframework.context.annotation.internalAutowiredAnnotationProcessor,org.springframework.context.annotation.internalRequiredAnnotationProcessor,org.springframework.context.annotation.internalCommonAnnotationProcessor,bZjianSpringJedisSentinelPool,bZjianSpringJedisSentinelPoolConfig,bZjianSpringRedisPoolList,bZjianSpringRedisPoolString,redisHostAndPort,clusterHostAndPort,sentinelHostAndPort1,sentinelHostAndPort2,jedisPoolConfig,org.springframework.context.annotation.ConfigurationClassPostProcessor$ImportAwareBeanPostProcessor#0]; root of factory hierarchy
Returning cached instance of singleton bean 'org.springframework.context.annotation.internalConfigurationAnnotationProcessor'
Returning cached instance of singleton bean 'org.springframework.context.annotation.internalAutowiredAnnotationProcessor'
Returning cached instance of singleton bean 'org.springframework.context.annotation.internalRequiredAnnotationProcessor'
Returning cached instance of singleton bean 'org.springframework.context.annotation.internalCommonAnnotationProcessor'
Creating shared instance of singleton bean 'bZjianSpringJedisSentinelPool'
Creating instance of bean 'bZjianSpringJedisSentinelPool'
Found init method on class [zjian.redis.service.ZjianSpringJedisSentinelPool]: public void zjian.redis.service.ZjianSpringJedisSentinelPool.init()
Found init method on class [zjian.redis.service.ZjianSpringJedisSentinelPool]: org.springframework.beans.factory.annotation.InitDestroyAnnotationBeanPostProcessor$LifecycleElement@316510
Found injected element on class [zjian.redis.service.ZjianSpringJedisSentinelPool]: AutowiredFieldElement for private zjian.redis.service.ZjianSpringJedisSentinelPoolConfig zjian.redis.service.ZjianSpringJedisSentinelPool.bZjianSpringJedisSentinelPoolConfig
Eagerly caching bean 'bZjianSpringJedisSentinelPool' to allow for resolving potential circular references
Processing injected method of bean 'bZjianSpringJedisSentinelPool': AutowiredFieldElement for private zjian.redis.service.ZjianSpringJedisSentinelPoolConfig zjian.redis.service.ZjianSpringJedisSentinelPool.bZjianSpringJedisSentinelPoolConfig
Creating shared instance of singleton bean 'bZjianSpringJedisSentinelPoolConfig'
Creating instance of bean 'bZjianSpringJedisSentinelPoolConfig'
Creating shared instance of singleton bean 'redisHostAndPort'
Creating instance of bean 'redisHostAndPort'
Initializing new StandardEnvironment
Adding [systemProperties] PropertySource with lowest search precedence
Adding [systemEnvironment] PropertySource with lowest search precedence
Initialized StandardEnvironment with PropertySources [systemProperties,systemEnvironment]
Initializing new StandardEnvironment
Adding [systemProperties] PropertySource with lowest search precedence
Adding [systemEnvironment] PropertySource with lowest search precedence
Initialized StandardEnvironment with PropertySources [systemProperties,systemEnvironment]
Initializing new StandardEnvironment
Adding [systemProperties] PropertySource with lowest search precedence
Adding [systemEnvironment] PropertySource with lowest search precedence
Initialized StandardEnvironment with PropertySources [systemProperties,systemEnvironment]
Initializing new StandardEnvironment
Adding [systemProperties] PropertySource with lowest search precedence
Adding [systemEnvironment] PropertySource with lowest search precedence
Initialized StandardEnvironment with PropertySources [systemProperties,systemEnvironment]
Initializing new StandardEnvironment
Adding [systemProperties] PropertySource with lowest search precedence
Adding [systemEnvironment] PropertySource with lowest search precedence
Initialized StandardEnvironment with PropertySources [systemProperties,systemEnvironment]
Eagerly caching bean 'redisHostAndPort' to allow for resolving potential circular references
Finished creating instance of bean 'redisHostAndPort'
Creating shared instance of singleton bean 'clusterHostAndPort'
Creating instance of bean 'clusterHostAndPort'
Initializing new StandardEnvironment
Adding [systemProperties] PropertySource with lowest search precedence
Adding [systemEnvironment] PropertySource with lowest search precedence
Initialized StandardEnvironment with PropertySources [systemProperties,systemEnvironment]
Initializing new StandardEnvironment
Adding [systemProperties] PropertySource with lowest search precedence
Adding [systemEnvironment] PropertySource with lowest search precedence
Initialized StandardEnvironment with PropertySources [systemProperties,systemEnvironment]
Initializing new StandardEnvironment
Adding [systemProperties] PropertySource with lowest search precedence
Adding [systemEnvironment] PropertySource with lowest search precedence
Initialized StandardEnvironment with PropertySources [systemProperties,systemEnvironment]
Initializing new StandardEnvironment
Adding [systemProperties] PropertySource with lowest search precedence
Adding [systemEnvironment] PropertySource with lowest search precedence
Initialized StandardEnvironment with PropertySources [systemProperties,systemEnvironment]
Initializing new StandardEnvironment
Adding [systemProperties] PropertySource with lowest search precedence
Adding [systemEnvironment] PropertySource with lowest search precedence
Initialized StandardEnvironment with PropertySources [systemProperties,systemEnvironment]
Eagerly caching bean 'clusterHostAndPort' to allow for resolving potential circular references
Finished creating instance of bean 'clusterHostAndPort'
Creating shared instance of singleton bean 'sentinelHostAndPort1'
Creating instance of bean 'sentinelHostAndPort1'
Initializing new StandardEnvironment
Adding [systemProperties] PropertySource with lowest search precedence
Adding [systemEnvironment] PropertySource with lowest search precedence
Initialized StandardEnvironment with PropertySources [systemProperties,systemEnvironment]
Initializing new StandardEnvironment
Adding [systemProperties] PropertySource with lowest search precedence
Adding [systemEnvironment] PropertySource with lowest search precedence
Initialized StandardEnvironment with PropertySources [systemProperties,systemEnvironment]
Initializing new StandardEnvironment
Adding [systemProperties] PropertySource with lowest search precedence
Adding [systemEnvironment] PropertySource with lowest search precedence
Initialized StandardEnvironment with PropertySources [systemProperties,systemEnvironment]
Initializing new StandardEnvironment
Adding [systemProperties] PropertySource with lowest search precedence
Adding [systemEnvironment] PropertySource with lowest search precedence
Initialized StandardEnvironment with PropertySources [systemProperties,systemEnvironment]
Initializing new StandardEnvironment
Adding [systemProperties] PropertySource with lowest search precedence
Adding [systemEnvironment] PropertySource with lowest search precedence
Initialized StandardEnvironment with PropertySources [systemProperties,systemEnvironment]
Eagerly caching bean 'sentinelHostAndPort1' to allow for resolving potential circular references
Finished creating instance of bean 'sentinelHostAndPort1'
Creating shared instance of singleton bean 'sentinelHostAndPort2'
Creating instance of bean 'sentinelHostAndPort2'
Initializing new StandardEnvironment
Adding [systemProperties] PropertySource with lowest search precedence
Adding [systemEnvironment] PropertySource with lowest search precedence
Initialized StandardEnvironment with PropertySources [systemProperties,systemEnvironment]
Initializing new StandardEnvironment
Adding [systemProperties] PropertySource with lowest search precedence
Adding [systemEnvironment] PropertySource with lowest search precedence
Initialized StandardEnvironment with PropertySources [systemProperties,systemEnvironment]
Initializing new StandardEnvironment
Adding [systemProperties] PropertySource with lowest search precedence
Adding [systemEnvironment] PropertySource with lowest search precedence
Initialized StandardEnvironment with PropertySources [systemProperties,systemEnvironment]
Initializing new StandardEnvironment
Adding [systemProperties] PropertySource with lowest search precedence
Adding [systemEnvironment] PropertySource with lowest search precedence
Initialized StandardEnvironment with PropertySources [systemProperties,systemEnvironment]
Initializing new StandardEnvironment
Adding [systemProperties] PropertySource with lowest search precedence
Adding [systemEnvironment] PropertySource with lowest search precedence
Initialized StandardEnvironment with PropertySources [systemProperties,systemEnvironment]
Eagerly caching bean 'sentinelHostAndPort2' to allow for resolving potential circular references
Finished creating instance of bean 'sentinelHostAndPort2'
Creating shared instance of singleton bean 'jedisPoolConfig'
Creating instance of bean 'jedisPoolConfig'
Eagerly caching bean 'jedisPoolConfig' to allow for resolving potential circular references
Initializing new StandardEnvironment
Adding [systemProperties] PropertySource with lowest search precedence
Adding [systemEnvironment] PropertySource with lowest search precedence
Initialized StandardEnvironment with PropertySources [systemProperties,systemEnvironment]
Initializing new StandardEnvironment
Adding [systemProperties] PropertySource with lowest search precedence
Adding [systemEnvironment] PropertySource with lowest search precedence
Initialized StandardEnvironment with PropertySources [systemProperties,systemEnvironment]
Initializing new StandardEnvironment
Adding [systemProperties] PropertySource with lowest search precedence
Adding [systemEnvironment] PropertySource with lowest search precedence
Initialized StandardEnvironment with PropertySources [systemProperties,systemEnvironment]
Initializing new StandardEnvironment
Adding [systemProperties] PropertySource with lowest search precedence
Adding [systemEnvironment] PropertySource with lowest search precedence
Initialized StandardEnvironment with PropertySources [systemProperties,systemEnvironment]
Initializing new StandardEnvironment
Adding [systemProperties] PropertySource with lowest search precedence
Adding [systemEnvironment] PropertySource with lowest search precedence
Initialized StandardEnvironment with PropertySources [systemProperties,systemEnvironment]
Finished creating instance of bean 'jedisPoolConfig'
Eagerly caching bean 'bZjianSpringJedisSentinelPoolConfig' to allow for resolving potential circular references
Finished creating instance of bean 'bZjianSpringJedisSentinelPoolConfig'
Autowiring by type from bean name 'bZjianSpringJedisSentinelPool' to bean named 'bZjianSpringJedisSentinelPoolConfig'
Invoking init method on bean 'bZjianSpringJedisSentinelPool': public void zjian.redis.service.ZjianSpringJedisSentinelPool.init()
Finished creating instance of bean 'bZjianSpringJedisSentinelPool'
Returning cached instance of singleton bean 'bZjianSpringJedisSentinelPoolConfig'
Creating shared instance of singleton bean 'bZjianSpringRedisPoolList'
Creating instance of bean 'bZjianSpringRedisPoolList'
Found injected element on class [zjian.redis.service.ZjianSpringRedisPoolList]: AutowiredFieldElement for private zjian.redis.service.ZjianSpringJedisSentinelPoolConfig zjian.redis.service.ZjianSpringRedisPoolList.bZjianSpringJedisSentinelPoolConfig
Found injected element on class [zjian.redis.service.ZjianSpringRedisPoolList]: AutowiredFieldElement for private zjian.redis.service.ZjianSpringJedisSentinelPool zjian.redis.service.ZjianSpringRedisPoolList.bZjianSpringJedisSentinelPool
Eagerly caching bean 'bZjianSpringRedisPoolList' to allow for resolving potential circular references
Processing injected method of bean 'bZjianSpringRedisPoolList': AutowiredFieldElement for private zjian.redis.service.ZjianSpringJedisSentinelPoolConfig zjian.redis.service.ZjianSpringRedisPoolList.bZjianSpringJedisSentinelPoolConfig
Returning cached instance of singleton bean 'bZjianSpringJedisSentinelPoolConfig'
Autowiring by type from bean name 'bZjianSpringRedisPoolList' to bean named 'bZjianSpringJedisSentinelPoolConfig'
Processing injected method of bean 'bZjianSpringRedisPoolList': AutowiredFieldElement for private zjian.redis.service.ZjianSpringJedisSentinelPool zjian.redis.service.ZjianSpringRedisPoolList.bZjianSpringJedisSentinelPool
Returning cached instance of singleton bean 'bZjianSpringJedisSentinelPool'
Autowiring by type from bean name 'bZjianSpringRedisPoolList' to bean named 'bZjianSpringJedisSentinelPool'
Finished creating instance of bean 'bZjianSpringRedisPoolList'
Creating shared instance of singleton bean 'bZjianSpringRedisPoolString'
Creating instance of bean 'bZjianSpringRedisPoolString'
Found injected element on class [zjian.redis.service.ZjianSpringRedisPoolString]: AutowiredFieldElement for private zjian.redis.service.ZjianSpringJedisSentinelPoolConfig zjian.redis.service.ZjianSpringRedisPoolString.bZjianSpringJedisSentinelPoolConfig
Found injected element on class [zjian.redis.service.ZjianSpringRedisPoolString]: AutowiredFieldElement for private zjian.redis.service.ZjianSpringJedisSentinelPool zjian.redis.service.ZjianSpringRedisPoolString.bZjianSpringJedisSentinelPool
Eagerly caching bean 'bZjianSpringRedisPoolString' to allow for resolving potential circular references
Processing injected method of bean 'bZjianSpringRedisPoolString': AutowiredFieldElement for private zjian.redis.service.ZjianSpringJedisSentinelPoolConfig zjian.redis.service.ZjianSpringRedisPoolString.bZjianSpringJedisSentinelPoolConfig
Returning cached instance of singleton bean 'bZjianSpringJedisSentinelPoolConfig'
Autowiring by type from bean name 'bZjianSpringRedisPoolString' to bean named 'bZjianSpringJedisSentinelPoolConfig'
Processing injected method of bean 'bZjianSpringRedisPoolString': AutowiredFieldElement for private zjian.redis.service.ZjianSpringJedisSentinelPool zjian.redis.service.ZjianSpringRedisPoolString.bZjianSpringJedisSentinelPool
Returning cached instance of singleton bean 'bZjianSpringJedisSentinelPool'
Autowiring by type from bean name 'bZjianSpringRedisPoolString' to bean named 'bZjianSpringJedisSentinelPool'
Finished creating instance of bean 'bZjianSpringRedisPoolString'
Returning cached instance of singleton bean 'redisHostAndPort'
Returning cached instance of singleton bean 'clusterHostAndPort'
Returning cached instance of singleton bean 'sentinelHostAndPort1'
Returning cached instance of singleton bean 'sentinelHostAndPort2'
Returning cached instance of singleton bean 'jedisPoolConfig'
Returning cached instance of singleton bean 'org.springframework.context.annotation.ConfigurationClassPostProcessor$ImportAwareBeanPostProcessor#0'
Unable to locate LifecycleProcessor with name 'lifecycleProcessor': using default [org.springframework.context.support.DefaultLifecycleProcessor@4ed19b]
Returning cached instance of singleton bean 'lifecycleProcessor'
Storing ApplicationContext for test class [class zjian.redis.TestEvalPool] in cache under key [[MergedContextConfiguration@472d86 testClass = TestEvalPool, locations = '{classpath*:applicationContex*.xml}', classes = '{}', activeProfiles = '{}', contextLoader = 'org.springframework.test.context.support.DelegatingSmartContextLoader']].
Found injected element on class [zjian.redis.TestEvalPool]: AutowiredFieldElement for private zjian.redis.service.ZjianSpringJedisSentinelPoolConfig zjian.redis.TestEvalPool.bZjianSpringJedisSentinelPoolConfig
Found injected element on class [zjian.redis.TestEvalPool]: AutowiredFieldElement for private zjian.redis.service.ZjianSpringJedisSentinelPool zjian.redis.TestEvalPool.bZjianSpringJedisSentinelPool
Processing injected method of bean 'zjian.redis.TestEvalPool': AutowiredFieldElement for private zjian.redis.service.ZjianSpringJedisSentinelPoolConfig zjian.redis.TestEvalPool.bZjianSpringJedisSentinelPoolConfig
Returning cached instance of singleton bean 'bZjianSpringJedisSentinelPoolConfig'
Autowiring by type from bean name 'zjian.redis.TestEvalPool' to bean named 'bZjianSpringJedisSentinelPoolConfig'
Processing injected method of bean 'zjian.redis.TestEvalPool': AutowiredFieldElement for private zjian.redis.service.ZjianSpringJedisSentinelPool zjian.redis.TestEvalPool.bZjianSpringJedisSentinelPool
Returning cached instance of singleton bean 'bZjianSpringJedisSentinelPool'
Autowiring by type from bean name 'zjian.redis.TestEvalPool' to bean named 'bZjianSpringJedisSentinelPool'
Closing org.springframework.context.support.GenericApplicationContext@a93a16: startup date [Thu Aug 07 13:53:38 CST 2014]; root of context hierarchy
Returning cached instance of singleton bean 'lifecycleProcessor'
Destroying singletons in org.springframework.beans.factory.support.DefaultListableBeanFactory@c01ae4: defining beans [org.springframework.context.annotation.internalConfigurationAnnotationProcessor,org.springframework.context.annotation.internalAutowiredAnnotationProcessor,org.springframework.context.annotation.internalRequiredAnnotationProcessor,org.springframework.context.annotation.internalCommonAnnotationProcessor,bZjianSpringJedisSentinelPool,bZjianSpringJedisSentinelPoolConfig,bZjianSpringRedisPoolList,bZjianSpringRedisPoolString,redisHostAndPort,clusterHostAndPort,sentinelHostAndPort1,sentinelHostAndPort2,jedisPoolConfig,org.springframework.context.annotation.ConfigurationClassPostProcessor$ImportAwareBeanPostProcessor#0]; root of factory hierarchy
Retrieved dependent beans for bean 'bZjianSpringJedisSentinelPool': [zjian.redis.TestEvalPool]
Closing org.springframework.context.support.GenericApplicationContext@14a8227: startup date [Thu Aug 07 14:59:59 CST 2014]; root of context hierarchy
Returning cached instance of singleton bean 'lifecycleProcessor'
Destroying singletons in org.springframework.beans.factory.support.DefaultListableBeanFactory@13e6657: defining beans [org.springframework.context.annotation.internalConfigurationAnnotationProcessor,org.springframework.context.annotation.internalAutowiredAnnotationProcessor,org.springframework.context.annotation.internalRequiredAnnotationProcessor,org.springframework.context.annotation.internalCommonAnnotationProcessor,bZjianSpringJedisSentinelPool,bZjianSpringJedisSentinelPoolConfig,bZjianSpringRedisPoolList,bZjianSpringRedisPoolString,redisHostAndPort,clusterHostAndPort,sentinelHostAndPort1,sentinelHostAndPort2,jedisPoolConfig,org.springframework.context.annotation.ConfigurationClassPostProcessor$ImportAwareBeanPostProcessor#0]; root of factory hierarchy
Retrieved dependent beans for bean 'bZjianSpringJedisSentinelPool': [zjian.redis.TestEvalPool]
